[2026-05-23 09:46:56] INFO: 测试日志写入
[2026-05-23 09:48:19] INFO: ============================================================
[2026-05-23 09:48:19] INFO: 插件启动
[2026-05-23 09:49:34] INFO: ============================================================
[2026-05-23 09:49:34] INFO: 插件启动
[2026-05-23 09:49:43] INFO: ============================================================
[2026-05-23 09:49:43] INFO: 插件启动
[2026-05-23 09:50:55] INFO: ============================================================
[2026-05-23 09:50:55] INFO: 插件启动
[2026-05-23 09:51:51] INFO: ============================================================
[2026-05-23 09:51:51] INFO: 插件启动
[2026-05-23 09:52:14] INFO: ============================================================
[2026-05-23 09:52:14] INFO: 插件启动
[2026-05-23 09:52:28] INFO: 正在连接 AutoCAD...
[2026-05-23 09:52:28] SUCCESS: 已连接到: C110234 宜宾天原锂电新材年产3万吨高压实磷酸铁锂项目后处理系统 PID V1.0 2026.5.22.dwg
[2026-05-23 09:52:28] INFO: 已连接到 AutoCAD: C110234 宜宾天原锂电新材年产3万吨高压实磷酸铁锂项目后处理系统 PID V1.0 2026.5.22.dwg
[2026-05-23 09:52:30] WARN: 请先连接 AutoCAD 并框选块！
[2026-05-23 09:52:31] INFO: 请在 AutoCAD 中框选仪表块（右键结束选择）...
[2026-05-23 09:53:03] SUCCESS: 选中 142 个带属性块
[2026-05-23 09:53:03] INFO: 框选成功: 142 个带属性块
[2026-05-23 09:53:09] INFO: 正在分析属性标签...
[2026-05-23 09:53:31] SUCCESS: 发现 10 个属性标签
[2026-05-23 09:53:31] WARN: 请先选择属性标签！
[2026-05-23 09:53:31] WARN: 请先选择属性标签！
[2026-05-23 09:53:57] SUCCESS: 已选择: 类型=【#(TARGETOBJECT.仪表类型)】, 编号=【#(TARGETOBJECT.仪表图号)#(TARGETOBJECT.仪表位号)】
[2026-05-23 09:53:57] INFO: 标签选择: 类型=#(TARGETOBJECT.仪表类型), 编号=#(TARGETOBJECT.仪表图号)#(TARGETOBJECT.仪表位号)
[2026-05-23 09:54:07] INFO: 正在提取类型值...
[2026-05-23 09:54:12] SUCCESS: 共 10 种类型
[2026-05-23 09:54:28] SUCCESS: 选择了 1 种类型: XV
[2026-05-23 09:54:28] INFO: 类型选择: ['XV']
[2026-05-23 09:55:57] SUCCESS: 选择了 1 种类型: XV
[2026-05-23 09:55:57] INFO: 类型选择: ['XV']
[2026-05-23 09:56:16] SUCCESS: 编号配置: 前缀=「2CH」 起始=1 补零=3位 容差=50.0
[2026-05-23 09:56:16] INFO: 编号配置: {'prefix': '2CH', 'start_number': 1, 'pad_width': 3, 'y_tolerance': 50.0, 'auto_continue': True}
[2026-05-23 09:56:18] INFO: ========================================
[2026-05-23 09:56:18] INFO: 开始执行编号...
[2026-05-23 09:56:18] INFO: 正在生成编号...
[2026-05-23 09:56:21] INFO:   XV: 将编号 18 个块 → 2CH001...
[2026-05-23 09:56:21] INFO: 正在写入 AutoCAD...
[2026-05-23 09:56:25] INFO: ========================================
[2026-05-23 09:56:25] SUCCESS: 🎉 编号完成！共 18 个块
[2026-05-23 09:56:25] INFO: 编号完成: 共18个块, 详情={'XV': 18}
[2026-05-23 09:56:25] INFO:    XV: 18 个块
[2026-05-23 09:56:25] INFO: ========================================
[2026-05-23 09:59:28] INFO: ============================================================
[2026-05-23 09:59:28] INFO: 插件启动
[2026-05-23 09:59:57] INFO: ============================================================
[2026-05-23 09:59:57] INFO: 插件启动
[2026-05-23 10:00:01] INFO: 正在连接 AutoCAD...
[2026-05-23 10:00:01] SUCCESS: 已连接到: C110234 宜宾天原锂电新材年产3万吨高压实磷酸铁锂项目后处理系统 PID V1.0 2026.5.22.dwg
[2026-05-23 10:00:01] INFO: 已连接到 AutoCAD: C110234 宜宾天原锂电新材年产3万吨高压实磷酸铁锂项目后处理系统 PID V1.0 2026.5.22.dwg
[2026-05-23 10:00:03] INFO: 请在 AutoCAD 中框选仪表块（右键结束选择）...
[2026-05-23 10:00:03] ERROR: 选择失败: 选择操作被取消: Add.SelectOnScreen
[2026-05-23 10:00:03] ERROR: 选择失败: 选择操作被取消: Add.SelectOnScreen
[2026-05-23 10:00:05] INFO: 请在 AutoCAD 中框选仪表块（右键结束选择）...
[2026-05-23 10:00:14] SUCCESS: 选中 142 个带属性块
[2026-05-23 10:00:14] INFO: 框选成功: 142 个带属性块
[2026-05-23 10:00:26] INFO: 正在分析属性标签...
[2026-05-23 10:00:47] SUCCESS: 发现 10 个属性标签
[2026-05-23 10:01:04] SUCCESS: 已选择: 类型=【#(TARGETOBJECT.仪表类型)】, 编号=【#(TARGETOBJECT.仪表图号)#(TARGETOBJECT.仪表位号)】
[2026-05-23 10:01:04] INFO: 标签选择: 类型=#(TARGETOBJECT.仪表类型), 编号=#(TARGETOBJECT.仪表图号)#(TARGETOBJECT.仪表位号)
[2026-05-23 10:01:04] INFO: 正在提取类型值...
[2026-05-23 10:01:09] SUCCESS: 共 10 种类型
[2026-05-23 10:02:31] SUCCESS: 选择了 2 种: WICAS, WT
[2026-05-23 10:02:31] INFO: 类型选择: ['WICAS', 'WT']
[2026-05-23 10:02:42] SUCCESS: 编号配置: 前缀=「2CH」 起始=1 补零=3位 容差=50.0
[2026-05-23 10:02:42] INFO: 编号配置: {'prefix': '2CH', 'start_number': 1, 'pad_width': 3, 'y_tolerance': 50.0, 'auto_continue': True}
[2026-05-23 10:02:44] INFO: ========================================
[2026-05-23 10:02:44] INFO: 开始执行编号...
[2026-05-23 10:02:44] INFO: 正在生成编号...
[2026-05-23 10:02:46] INFO:   WICAS: 2 个块 → 2CH001...
[2026-05-23 10:02:46] INFO:   WT: 2 个块 → 2CH001...
[2026-05-23 10:02:46] INFO: 正在写入 AutoCAD...
[2026-05-23 10:02:49] INFO: ========================================
[2026-05-23 10:02:49] SUCCESS: 🎉 编号完成！共 4 个块
[2026-05-23 10:02:49] INFO: 编号完成: 共4个块, 详情={'WICAS': 2, 'WT': 2}
[2026-05-23 10:02:49] INFO:    WICAS: 2 个块
[2026-05-23 10:02:49] INFO:    WT: 2 个块
[2026-05-23 10:02:49] INFO: ========================================
[2026-05-23 10:04:31] INFO: ============================================================
[2026-05-23 10:04:31] INFO: 插件启动
[2026-05-23 10:08:32] INFO: ============================================================
[2026-05-23 10:08:32] INFO: 插件启动
[2026-05-23 10:09:28] INFO: ============================================================
[2026-05-23 10:09:28] INFO: 插件启动
[2026-05-23 10:09:30] INFO: 正在连接 AutoCAD...
[2026-05-23 10:09:30] SUCCESS: 已连接到: C110234 宜宾天原锂电新材年产3万吨高压实磷酸铁锂项目后处理系统 PID V1.0 2026.5.22.dwg
[2026-05-23 10:09:30] INFO: 已连接到 AutoCAD: C110234 宜宾天原锂电新材年产3万吨高压实磷酸铁锂项目后处理系统 PID V1.0 2026.5.22.dwg
[2026-05-23 10:09:34] INFO: 请在 AutoCAD 中框选仪表块（右键结束选择）...
[2026-05-23 10:09:42] SUCCESS: 选中 142 个带属性块
[2026-05-23 10:09:42] INFO: 框选成功: 142 个带属性块
[2026-05-23 10:09:43] INFO: 正在分析属性标签...
[2026-05-23 10:10:05] SUCCESS: 发现 10 个属性标签
[2026-05-23 10:10:41] SUCCESS: 已选择: 类型=【#(TARGETOBJECT.仪表类型)】, 编号=【#(TARGETOBJECT.仪表图号)#(TARGETOBJECT.仪表位号)】
[2026-05-23 10:10:41] INFO: 标签选择: 类型=#(TARGETOBJECT.仪表类型), 编号=#(TARGETOBJECT.仪表图号)#(TARGETOBJECT.仪表位号)
[2026-05-23 10:10:41] INFO: 正在提取类型值...
[2026-05-23 10:10:47] SUCCESS: 共 10 种类型
[2026-05-23 10:11:24] INFO: ============================================================
[2026-05-23 10:11:24] INFO: 插件启动
[2026-05-23 10:11:26] INFO: 正在连接 AutoCAD...
[2026-05-23 10:11:26] SUCCESS: 已连接到: C110234 宜宾天原锂电新材年产3万吨高压实磷酸铁锂项目后处理系统 PID V1.0 2026.5.22.dwg
[2026-05-23 10:11:26] INFO: 已连接到 AutoCAD: C110234 宜宾天原锂电新材年产3万吨高压实磷酸铁锂项目后处理系统 PID V1.0 2026.5.22.dwg
[2026-05-23 10:11:29] INFO: 请在 AutoCAD 中框选仪表块（右键结束选择）...
[2026-05-23 10:11:40] SUCCESS: 选中 142 个带属性块
[2026-05-23 10:11:40] INFO: 框选成功: 142 个带属性块
[2026-05-23 10:11:41] INFO: 正在分析属性标签...
[2026-05-23 10:12:03] SUCCESS: 发现 10 个属性标签
[2026-05-23 10:12:17] SUCCESS: 已选择: 类型=【#(TARGETOBJECT.仪表类型)】, 编号=【#(TARGETOBJECT.仪表图号)#(TARGETOBJECT.仪表位号)】
[2026-05-23 10:12:17] INFO: 标签选择: 类型=#(TARGETOBJECT.仪表类型), 编号=#(TARGETOBJECT.仪表图号)#(TARGETOBJECT.仪表位号)
[2026-05-23 10:12:17] INFO: 正在提取类型值...
[2026-05-23 10:12:23] SUCCESS: 共 10 种类型
[2026-05-23 10:14:29] INFO: ============================================================
[2026-05-23 10:14:29] INFO: 插件启动
[2026-05-23 10:14:59] INFO: ============================================================
[2026-05-23 10:14:59] INFO: 插件启动
[2026-05-23 10:15:02] INFO: 正在连接 AutoCAD...
[2026-05-23 10:15:02] SUCCESS: 已连接到: C110234 宜宾天原锂电新材年产3万吨高压实磷酸铁锂项目后处理系统 PID V1.0 2026.5.22.dwg
[2026-05-23 10:15:02] INFO: 已连接到 AutoCAD: C110234 宜宾天原锂电新材年产3万吨高压实磷酸铁锂项目后处理系统 PID V1.0 2026.5.22.dwg
[2026-05-23 10:15:03] INFO: 请在 AutoCAD 中框选仪表块（右键结束选择）...
[2026-05-23 10:15:12] SUCCESS: 选中 142 个带属性块
[2026-05-23 10:15:12] INFO: 框选成功: 142 个带属性块
[2026-05-23 10:15:30] INFO: 正在分析属性标签...
[2026-05-23 10:15:51] SUCCESS: 发现 10 个属性标签
[2026-05-23 10:16:02] SUCCESS: 已选择: 类型=【#(TARGETOBJECT.仪表类型)】, 编号=【#(TARGETOBJECT.仪表图号)#(TARGETOBJECT.仪表位号)】
[2026-05-23 10:16:02] INFO: 标签选择: 类型=#(TARGETOBJECT.仪表类型), 编号=#(TARGETOBJECT.仪表图号)#(TARGETOBJECT.仪表位号)
[2026-05-23 10:16:02] INFO: 正在提取类型值...
[2026-05-23 10:16:07] SUCCESS: 共 10 种类型
[2026-05-23 10:16:22] SUCCESS: 选择了 2 种: WICAS, WT
[2026-05-23 10:16:22] INFO: 类型选择: ['WICAS', 'WT']
[2026-05-23 10:17:46] INFO: ============================================================
[2026-05-23 10:17:46] INFO: 插件启动
[2026-05-23 10:18:33] INFO: ============================================================
[2026-05-23 10:18:33] INFO: 插件启动
[2026-05-23 10:18:34] INFO: 正在提取类型值...
[2026-05-23 10:18:44] INFO: ============================================================
[2026-05-23 10:18:44] INFO: 插件启动
[2026-05-23 10:19:05] INFO: ============================================================
[2026-05-23 10:19:05] INFO: 插件启动
[2026-05-23 10:19:07] INFO: 正在连接 AutoCAD...
[2026-05-23 10:19:07] SUCCESS: 已连接到: C110234 宜宾天原锂电新材年产3万吨高压实磷酸铁锂项目后处理系统 PID V1.0 2026.5.22.dwg
[2026-05-23 10:19:07] INFO: 已连接到 AutoCAD: C110234 宜宾天原锂电新材年产3万吨高压实磷酸铁锂项目后处理系统 PID V1.0 2026.5.22.dwg
[2026-05-23 10:19:08] INFO: 请在 AutoCAD 中框选仪表块（右键结束选择）...
[2026-05-23 10:19:18] SUCCESS: 选中 142 个带属性块
[2026-05-23 10:19:18] INFO: 框选成功: 142 个带属性块
[2026-05-23 10:19:20] INFO: 正在分析属性标签...
[2026-05-23 10:19:44] SUCCESS: 发现 10 个属性标签
[2026-05-23 10:20:04] SUCCESS: 已选择: 类型=【#(TARGETOBJECT.仪表类型)】, 编号=【#(TARGETOBJECT.仪表图号)#(TARGETOBJECT.仪表位号)】
[2026-05-23 10:20:04] INFO: 标签选择: 类型=#(TARGETOBJECT.仪表类型), 编号=#(TARGETOBJECT.仪表图号)#(TARGETOBJECT.仪表位号)
[2026-05-23 10:20:04] INFO: 正在提取类型值...
[2026-05-23 10:20:10] SUCCESS: 共 10 种类型
[2026-05-23 10:20:12] SUCCESS: 选择了 2 种: WICAS, WT
[2026-05-23 10:20:12] INFO: 类型选择: ['WICAS', 'WT']
[2026-05-23 10:20:15] SUCCESS: 编号配置: 前缀=「2CH」 起始=1 补零=3位 容差=50.0
[2026-05-23 10:20:15] INFO: 编号配置: {'prefix': '2CH', 'start_number': 1, 'pad_width': 3, 'y_tolerance': 50.0, 'auto_continue': True}
[2026-05-23 10:20:23] INFO: ========================================
[2026-05-23 10:20:23] INFO: 开始执行编号...
[2026-05-23 10:20:23] INFO: 正在生成编号...
[2026-05-23 10:20:26] INFO:   WICAS: 2 个块 → 2CH003...
[2026-05-23 10:20:26] INFO:   WT: 2 个块 → 2CH004...
[2026-05-23 10:20:26] INFO: 正在写入 AutoCAD...
[2026-05-23 10:20:28] INFO: ========================================
[2026-05-23 10:20:28] SUCCESS: 🎉 编号完成！共 4 个块
[2026-05-23 10:20:28] INFO: 编号完成: 共4个块, 详情={'WICAS': 2, 'WT': 2}
[2026-05-23 10:20:28] INFO:    WICAS: 2 个块
[2026-05-23 10:20:28] INFO:    WT: 2 个块
[2026-05-23 10:20:28] INFO: ========================================
[2026-05-23 10:23:04] INFO: ============================================================
[2026-05-23 10:23:04] INFO: 插件启动
[2026-05-23 10:23:20] INFO: ============================================================
[2026-05-23 10:23:20] INFO: 插件启动
[2026-05-23 10:23:22] INFO: 正在连接 AutoCAD...
[2026-05-23 10:23:22] SUCCESS: 已连接到: C110234 宜宾天原锂电新材年产3万吨高压实磷酸铁锂项目后处理系统 PID V1.0 2026.5.22.dwg
[2026-05-23 10:23:22] INFO: 已连接到 AutoCAD: C110234 宜宾天原锂电新材年产3万吨高压实磷酸铁锂项目后处理系统 PID V1.0 2026.5.22.dwg
[2026-05-23 10:23:23] INFO: 请在 AutoCAD 中框选仪表块（右键结束选择）...
[2026-05-23 10:23:35] SUCCESS: 选中 142 个带属性块
[2026-05-23 10:23:35] INFO: 框选成功: 142 个带属性块
[2026-05-23 10:23:37] INFO: 正在分析属性标签...
[2026-05-23 10:23:59] SUCCESS: 发现 10 个属性标签
[2026-05-23 10:24:10] SUCCESS: 已选择: 类型=【#(TARGETOBJECT.仪表类型)】, 编号=【#(TARGETOBJECT.仪表图号)#(TARGETOBJECT.仪表位号)】
[2026-05-23 10:24:10] INFO: 标签选择: 类型=#(TARGETOBJECT.仪表类型), 编号=#(TARGETOBJECT.仪表图号)#(TARGETOBJECT.仪表位号)
[2026-05-23 10:24:11] INFO: 正在提取类型值...
[2026-05-23 10:24:15] SUCCESS: 共 10 种类型
[2026-05-23 10:24:28] SUCCESS: 选择了 2 种: PDIA, PDT
[2026-05-23 10:24:28] INFO: 类型选择: ['PDIA', 'PDT']
[2026-05-23 10:24:35] SUCCESS: 编号配置: 前缀=「2CH」 起始=1 补零=3位 容差=50.0
[2026-05-23 10:24:35] INFO: 编号配置: {'prefix': '2CH', 'start_number': 1, 'pad_width': 3, 'y_tolerance': 50.0, 'auto_continue': True}
[2026-05-23 10:24:42] INFO: ========================================
[2026-05-23 10:24:42] INFO: 开始执行编号...
[2026-05-23 10:24:42] INFO: 正在生成编号...
[2026-05-23 10:24:44] INFO:   PDIA: 2 个块 → 2CH001...
[2026-05-23 10:24:44] INFO:   PDT: 2 个块 → 2CH002...
[2026-05-23 10:24:44] INFO: 正在写入 AutoCAD...
[2026-05-23 10:24:47] INFO: ========================================
[2026-05-23 10:24:47] SUCCESS: 🎉 编号完成！共 4 个块
[2026-05-23 10:24:47] INFO: 编号完成: 共4个块, 详情={'PDIA': 2, 'PDT': 2}
[2026-05-23 10:24:47] INFO:    PDIA: 2 个块
[2026-05-23 10:24:47] INFO:    PDT: 2 个块
[2026-05-23 10:24:47] INFO: ========================================
[2026-05-23 10:26:27] INFO: ============================================================
[2026-05-23 10:26:27] INFO: 插件启动
[2026-05-23 10:26:29] INFO: 正在连接 AutoCAD...
[2026-05-23 10:26:29] SUCCESS: 已连接到: C110234 宜宾天原锂电新材年产3万吨高压实磷酸铁锂项目后处理系统 PID V1.0 2026.5.22.dwg
[2026-05-23 10:26:29] INFO: 已连接到 AutoCAD: C110234 宜宾天原锂电新材年产3万吨高压实磷酸铁锂项目后处理系统 PID V1.0 2026.5.22.dwg
[2026-05-23 10:26:46] INFO: 请在 AutoCAD 中框选仪表块（右键结束选择）...
[2026-05-23 10:27:02] SUCCESS: 选中 200 个带属性块
[2026-05-23 10:27:02] INFO: 框选成功: 200 个带属性块
[2026-05-23 10:27:07] INFO: 正在分析属性标签...
[2026-05-23 10:27:38] SUCCESS: 发现 10 个属性标签
[2026-05-23 10:28:05] SUCCESS: 已选择: 类型=【#(TARGETOBJECT.仪表类型)】, 编号=【#(TARGETOBJECT.仪表图号)#(TARGETOBJECT.仪表位号)】
[2026-05-23 10:28:05] INFO: 标签选择: 类型=#(TARGETOBJECT.仪表类型), 编号=#(TARGETOBJECT.仪表图号)#(TARGETOBJECT.仪表位号)
[2026-05-23 10:28:05] INFO: 正在提取类型值...
[2026-05-23 10:28:12] SUCCESS: 共 12 种类型
[2026-05-23 10:29:18] INFO: 正在分析属性标签...
[2026-05-23 10:29:48] SUCCESS: 发现 10 个属性标签
[2026-05-23 10:30:00] SUCCESS: 已选择: 类型=【#(TARGETOBJECT.仪表类型)】, 编号=【#(TARGETOBJECT.仪表图号)#(TARGETOBJECT.仪表位号)】
[2026-05-23 10:30:00] INFO: 标签选择: 类型=#(TARGETOBJECT.仪表类型), 编号=#(TARGETOBJECT.仪表图号)#(TARGETOBJECT.仪表位号)
[2026-05-23 10:30:01] INFO: 正在提取类型值...
[2026-05-23 10:30:08] SUCCESS: 共 12 种类型
[2026-05-23 10:30:45] SUCCESS: 选择了 2 种: PDIA, PDT
[2026-05-23 10:30:45] INFO: 类型选择: ['PDIA', 'PDT']
[2026-05-23 10:30:47] SUCCESS: 编号配置: 前缀=「2CH」 起始=1 补零=3位 容差=50.0
[2026-05-23 10:30:47] INFO: 编号配置: {'prefix': '2CH', 'start_number': 1, 'pad_width': 3, 'y_tolerance': 50.0, 'auto_continue': True}
[2026-05-23 10:30:48] INFO: ========================================
[2026-05-23 10:30:48] INFO: 开始执行编号...
[2026-05-23 10:30:48] INFO: 正在生成编号...
[2026-05-23 10:30:49] ERROR: 编号失败: (-2147352567, '发生意外。', (0, 'AutoCAD.Application', '对象已被删除', 'C:\\Program Files\\Autodesk\\AutoCAD 2025\\HELP\\OLE_ERR.CHM', -2145386420, -2145386420), None)
[2026-05-23 10:30:49] ERROR: Traceback (most recent call last):
  File "D:\Code\CAD Code\src\ui\main_window.py", line 694, in _execute_numbering
    preview = engine.preview_numbering(
        block_refs=self.blocks, type_tag=self.type_tag,
        number_tag=self.number_tag, selected_types=self.selected_types,
        config=self.number_config)
  File "D:\Code\CAD Code\src\numbering.py", line 291, in preview_numbering
    type_val = AcadConnect.get_attribute_value(blk, type_tag)
  File "D:\Code\CAD Code\src\acad_com.py", line 177, in get_attribute_value
    for tag, value, _ in AcadConnect.get_block_attributes(block_ref):
                         ~~~~~~~~~~~~~~~~~~~~~~~~~~~~~~~~^^^^^^^^^^^
  File "D:\Code\CAD Code\src\acad_com.py", line 168, in get_block_attributes
    for attr in block_ref.GetAttributes():
                ~~~~~~~~~~~~~~~~~~~~~~~^^
  File "<COMObject Item>", line 2, in GetAttributes
  File "C:\Users\Z890\AppData\Local\Programs\Python\Python314\Lib\site-packages\win32com\client\dynamic.py", line 356, in _ApplyTypes_
    result = self._oleobj_.InvokeTypes(
        *(dispid, LCID, wFlags, retType, argTypes) + args
    )
pywintypes.com_error: (-2147352567, '发生意外。', (0, 'AutoCAD.Application', '对象已被删除', 'C:\\Program Files\\Autodesk\\AutoCAD 2025\\HELP\\OLE_ERR.CHM', -2145386420, -2145386420), None)

[2026-05-23 10:30:49] ERROR: 编号失败: (-2147352567, '发生意外。', (0, 'AutoCAD.Application', '对象已被删除', 'C:\\Program Files\\Autodesk\\AutoCAD 2025\\HELP\\OLE_ERR.CHM', -2145386420, -2145386420), None)
Traceback (most recent call last):
  File "D:\Code\CAD Code\src\ui\main_window.py", line 694, in _execute_numbering
    preview = engine.preview_numbering(
        block_refs=self.blocks, type_tag=self.type_tag,
        number_tag=self.number_tag, selected_types=self.selected_types,
        config=self.number_config)
  File "D:\Code\CAD Code\src\numbering.py", line 291, in preview_numbering
    type_val = AcadConnect.get_attribute_value(blk, type_tag)
  File "D:\Code\CAD Code\src\acad_com.py", line 177, in get_attribute_value
    for tag, value, _ in AcadConnect.get_block_attributes(block_ref):
                         ~~~~~~~~~~~~~~~~~~~~~~~~~~~~~~~~^^^^^^^^^^^
  File "D:\Code\CAD Code\src\acad_com.py", line 168, in get_block_attributes
    for attr in block_ref.GetAttributes():
                ~~~~~~~~~~~~~~~~~~~~~~~^^
  File "<COMObject Item>", line 2, in GetAttributes
  File "C:\Users\Z890\AppData\Local\Programs\Python\Python314\Lib\site-packages\win32com\client\dynamic.py", line 356, in _ApplyTypes_
    result = self._oleobj_.InvokeTypes(
        *(dispid, LCID, wFlags, retType, argTypes) + args
    )
pywintypes.com_error: (-2147352567, '发生意外。', (0, 'AutoCAD.Application', '对象已被删除', 'C:\\Program Files\\Autodesk\\AutoCAD 2025\\HELP\\OLE_ERR.CHM', -2145386420, -2145386420), None)

[2026-05-23 10:30:52] INFO: ========================================
[2026-05-23 10:30:53] INFO: 开始执行编号...
[2026-05-23 10:30:53] INFO: 正在生成编号...
[2026-05-23 10:30:53] ERROR: 编号失败: (-2147352567, '发生意外。', (0, 'AutoCAD.Application', '对象已被删除', 'C:\\Program Files\\Autodesk\\AutoCAD 2025\\HELP\\OLE_ERR.CHM', -2145386420, -2145386420), None)
[2026-05-23 10:30:53] ERROR: Traceback (most recent call last):
  File "D:\Code\CAD Code\src\ui\main_window.py", line 694, in _execute_numbering
    preview = engine.preview_numbering(
        block_refs=self.blocks, type_tag=self.type_tag,
        number_tag=self.number_tag, selected_types=self.selected_types,
        config=self.number_config)
  File "D:\Code\CAD Code\src\numbering.py", line 291, in preview_numbering
    type_val = AcadConnect.get_attribute_value(blk, type_tag)
  File "D:\Code\CAD Code\src\acad_com.py", line 177, in get_attribute_value
    for tag, value, _ in AcadConnect.get_block_attributes(block_ref):
                         ~~~~~~~~~~~~~~~~~~~~~~~~~~~~~~~~^^^^^^^^^^^
  File "D:\Code\CAD Code\src\acad_com.py", line 168, in get_block_attributes
    for attr in block_ref.GetAttributes():
                ~~~~~~~~~~~~~~~~~~~~~~~^^
  File "<COMObject Item>", line 2, in GetAttributes
  File "C:\Users\Z890\AppData\Local\Programs\Python\Python314\Lib\site-packages\win32com\client\dynamic.py", line 356, in _ApplyTypes_
    result = self._oleobj_.InvokeTypes(
        *(dispid, LCID, wFlags, retType, argTypes) + args
    )
pywintypes.com_error: (-2147352567, '发生意外。', (0, 'AutoCAD.Application', '对象已被删除', 'C:\\Program Files\\Autodesk\\AutoCAD 2025\\HELP\\OLE_ERR.CHM', -2145386420, -2145386420), None)

[2026-05-23 10:30:53] ERROR: 编号失败: (-2147352567, '发生意外。', (0, 'AutoCAD.Application', '对象已被删除', 'C:\\Program Files\\Autodesk\\AutoCAD 2025\\HELP\\OLE_ERR.CHM', -2145386420, -2145386420), None)
Traceback (most recent call last):
  File "D:\Code\CAD Code\src\ui\main_window.py", line 694, in _execute_numbering
    preview = engine.preview_numbering(
        block_refs=self.blocks, type_tag=self.type_tag,
        number_tag=self.number_tag, selected_types=self.selected_types,
        config=self.number_config)
  File "D:\Code\CAD Code\src\numbering.py", line 291, in preview_numbering
    type_val = AcadConnect.get_attribute_value(blk, type_tag)
  File "D:\Code\CAD Code\src\acad_com.py", line 177, in get_attribute_value
    for tag, value, _ in AcadConnect.get_block_attributes(block_ref):
                         ~~~~~~~~~~~~~~~~~~~~~~~~~~~~~~~~^^^^^^^^^^^
  File "D:\Code\CAD Code\src\acad_com.py", line 168, in get_block_attributes
    for attr in block_ref.GetAttributes():
                ~~~~~~~~~~~~~~~~~~~~~~~^^
  File "<COMObject Item>", line 2, in GetAttributes
  File "C:\Users\Z890\AppData\Local\Programs\Python\Python314\Lib\site-packages\win32com\client\dynamic.py", line 356, in _ApplyTypes_
    result = self._oleobj_.InvokeTypes(
        *(dispid, LCID, wFlags, retType, argTypes) + args
    )
pywintypes.com_error: (-2147352567, '发生意外。', (0, 'AutoCAD.Application', '对象已被删除', 'C:\\Program Files\\Autodesk\\AutoCAD 2025\\HELP\\OLE_ERR.CHM', -2145386420, -2145386420), None)

[2026-05-23 10:31:06] INFO: ============================================================
[2026-05-23 10:31:06] INFO: 插件启动
[2026-05-23 10:31:08] INFO: 正在连接 AutoCAD...
[2026-05-23 10:31:08] SUCCESS: 已连接到: C110234 宜宾天原锂电新材年产3万吨高压实磷酸铁锂项目后处理系统 PID V1.0 2026.5.22.dwg
[2026-05-23 10:31:08] INFO: 已连接到 AutoCAD: C110234 宜宾天原锂电新材年产3万吨高压实磷酸铁锂项目后处理系统 PID V1.0 2026.5.22.dwg
[2026-05-23 10:31:14] INFO: 请在 AutoCAD 中框选仪表块（右键结束选择）...
[2026-05-23 10:31:31] SUCCESS: 选中 319 个带属性块
[2026-05-23 10:31:31] INFO: 框选成功: 319 个带属性块
[2026-05-23 10:31:33] INFO: 正在分析属性标签...
[2026-05-23 10:35:35] INFO: ============================================================
[2026-05-23 10:35:35] INFO: 插件启动
[2026-05-23 10:35:35] INFO: 正在分析属性标签...
[2026-05-23 10:36:04] INFO: ============================================================
[2026-05-23 10:36:04] INFO: 插件启动
[2026-05-23 10:36:37] INFO: ============================================================
[2026-05-23 10:36:37] INFO: 插件启动
[2026-05-23 10:36:58] INFO: ============================================================
[2026-05-23 10:36:58] INFO: 插件启动
[2026-05-23 10:37:55] INFO: ============================================================
[2026-05-23 10:37:55] INFO: 插件启动
[2026-05-23 10:37:59] INFO: 正在连接 AutoCAD...
[2026-05-23 10:37:59] SUCCESS: 已连接到: C110234 宜宾天原锂电新材年产3万吨高压实磷酸铁锂项目后处理系统 PID V1.0 2026.5.22.dwg
[2026-05-23 10:37:59] INFO: 已连接到 AutoCAD: C110234 宜宾天原锂电新材年产3万吨高压实磷酸铁锂项目后处理系统 PID V1.0 2026.5.22.dwg
[2026-05-23 10:37:59] INFO: 请在 AutoCAD 中框选仪表块（右键结束选择）...
[2026-05-23 10:38:05] WARN: 未选中任何带属性的块
[2026-05-23 10:38:10] INFO: 请在 AutoCAD 中框选仪表块（右键结束选择）...
[2026-05-23 10:38:26] SUCCESS: 选中 301 个带属性块
[2026-05-23 10:38:26] INFO: 框选成功: 301 个带属性块
[2026-05-23 10:38:28] INFO: 正在分析属性标签...
[2026-05-23 10:39:18] SUCCESS: 发现 11 个属性标签
[2026-05-23 10:39:21] SUCCESS: 已选择: 类型=【#(TARGETOBJECT.仪表类型)】, 编号=【#(TARGETOBJECT.仪表图号)#(TARGETOBJECT.仪表位号)】
[2026-05-23 10:39:21] INFO: 标签选择: 类型=#(TARGETOBJECT.仪表类型), 编号=#(TARGETOBJECT.仪表图号)#(TARGETOBJECT.仪表位号)
[2026-05-23 10:39:21] INFO: 正在提取类型值...
[2026-05-23 10:39:34] SUCCESS: 共 14 种类型
[2026-05-23 10:39:39] SUCCESS: 选择了 2 种: PDIA, PDT
[2026-05-23 10:39:39] INFO: 类型选择: ['PDIA', 'PDT']
[2026-05-23 10:40:05] SUCCESS: 编号配置: 前缀=「2CH」 起始=1 补零=3位 容差=50.0
[2026-05-23 10:40:05] INFO: 编号配置: {'prefix': '2CH', 'start_number': 1, 'pad_width': 3, 'y_tolerance': 50.0, 'auto_continue': True}
[2026-05-23 10:40:07] INFO: ========================================
[2026-05-23 10:40:07] INFO: 开始执行编号...
[2026-05-23 10:40:07] INFO: 正在生成编号...
[2026-05-23 10:40:13] INFO:   PDIA: 7 个块 → 2CH009...
[2026-05-23 10:40:13] INFO:   PDT: 7 个块 → 2CH010...
[2026-05-23 10:40:13] INFO: 正在写入 AutoCAD...
[2026-05-23 10:40:20] INFO: ========================================
[2026-05-23 10:40:20] SUCCESS: 🎉 编号完成！共 14 个块
[2026-05-23 10:40:20] INFO: 编号完成: 共14个块, 详情={'PDIA': 7, 'PDT': 7}
[2026-05-23 10:40:20] INFO:    PDIA: 7 个块
[2026-05-23 10:40:20] INFO:    PDT: 7 个块
[2026-05-23 10:40:20] INFO: ========================================
[2026-05-23 10:44:38] INFO: ============================================================
[2026-05-23 10:44:38] INFO: 插件启动
[2026-05-23 10:45:06] INFO: ============================================================
[2026-05-23 10:45:06] INFO: 插件启动
[2026-05-23 10:45:08] INFO: 正在连接 AutoCAD...
[2026-05-23 10:45:08] SUCCESS: 已连接到: C110234 宜宾天原锂电新材年产3万吨高压实磷酸铁锂项目后处理系统 PID V1.0 2026.5.22.dwg
[2026-05-23 10:45:08] INFO: 已连接到 AutoCAD: C110234 宜宾天原锂电新材年产3万吨高压实磷酸铁锂项目后处理系统 PID V1.0 2026.5.22.dwg
[2026-05-23 10:45:09] INFO: 请在 AutoCAD 中框选仪表块（右键结束选择）...
[2026-05-23 10:45:09] ERROR: 选择失败: 选择操作被取消: Add.SelectOnScreen
[2026-05-23 10:45:09] ERROR: 选择失败: 选择操作被取消: Add.SelectOnScreen
[2026-05-23 10:45:16] INFO: 请在 AutoCAD 中框选仪表块（右键结束选择）...
[2026-05-23 10:45:16] ERROR: 选择失败: 选择操作被取消: Add.SelectOnScreen
[2026-05-23 10:45:16] ERROR: 选择失败: 选择操作被取消: Add.SelectOnScreen
[2026-05-23 10:45:23] INFO: 请在 AutoCAD 中框选仪表块（右键结束选择）...
[2026-05-23 10:45:54] WARN: 未选中任何带属性的块
[2026-05-23 10:45:56] INFO: 完成 (用时 33.8 秒)
[2026-05-23 10:45:58] INFO: 请在 AutoCAD 中框选仪表块（右键结束选择）...
[2026-05-23 10:46:15] SUCCESS: 选中 301 个带属性块
[2026-05-23 10:46:15] INFO: 框选成功: 301 个带属性块
[2026-05-23 10:46:15] INFO: 完成 (用时 17.0 秒)
[2026-05-23 10:46:17] INFO: 正在分析属性标签...
[2026-05-23 10:47:11] SUCCESS: 发现 11 个属性标签
[2026-05-23 10:47:11] INFO: 完成 (用时 54.2 秒)
[2026-05-23 10:47:18] SUCCESS: 已选择: 类型=【#(TARGETOBJECT.仪表类型)】, 编号=【#(TARGETOBJECT.仪表图号)#(TARGETOBJECT.仪表位号)】
[2026-05-23 10:47:18] INFO: 标签选择: 类型=#(TARGETOBJECT.仪表类型), 编号=#(TARGETOBJECT.仪表图号)#(TARGETOBJECT.仪表位号)
[2026-05-23 10:47:18] INFO: 正在提取类型值...
[2026-05-23 10:47:30] SUCCESS: 共 14 种类型
[2026-05-23 10:47:30] INFO: 完成 (用时 12.2 秒)
[2026-05-23 10:48:05] SUCCESS: 选择了 5 种: PDIA, PDT, PT, PIA, PISA
[2026-05-23 10:48:05] INFO: 类型选择: ['PDIA', 'PDT', 'PT', 'PIA', 'PISA']
[2026-05-23 10:48:48] SUCCESS: 编号配置: 前缀=「2CH」 起始=3 补零=3位 容差=50.0
[2026-05-23 10:48:48] INFO: 编号配置: {'prefix': '2CH', 'start_number': 3, 'pad_width': 3, 'y_tolerance': 50.0, 'auto_continue': False}
[2026-05-23 10:48:52] INFO: ========================================
[2026-05-23 10:48:52] INFO: 开始执行编号...
[2026-05-23 10:48:52] INFO: 正在生成编号...
[2026-05-23 10:48:56] INFO:   PISA: 2 个块 → 2CH003...
[2026-05-23 10:48:56] INFO:   PT: 6 个块 → 2CH004...
[2026-05-23 10:48:56] INFO:   PDIA: 7 个块 → 2CH005...
[2026-05-23 10:48:56] INFO:   PDT: 7 个块 → 2CH006...
[2026-05-23 10:48:56] INFO:   PIA: 4 个块 → 2CH013...
[2026-05-23 10:48:56] INFO: 正在写入 AutoCAD...
[2026-05-23 10:49:02] INFO: ========================================
[2026-05-23 10:49:02] SUCCESS: 🎉 编号完成！共 26 个块
[2026-05-23 10:49:02] INFO: 编号完成: 共26个块, 详情={'PISA': 2, 'PT': 6, 'PDIA': 7, 'PDT': 7, 'PIA': 4}
[2026-05-23 10:49:02] INFO:    PDIA: 7 个块
[2026-05-23 10:49:02] INFO:    PDT: 7 个块
[2026-05-23 10:49:02] INFO:    PIA: 4 个块
[2026-05-23 10:49:02] INFO:    PISA: 2 个块
[2026-05-23 10:49:02] INFO:    PT: 6 个块
[2026-05-23 10:49:02] INFO: ========================================
[2026-05-23 10:49:03] INFO: 完成 (用时 11.4 秒)
[2026-05-23 10:49:14] SUCCESS: 编号配置: 前缀=「2CH」 起始=3 补零=3位 容差=50.0
[2026-05-23 10:49:14] INFO: 编号配置: {'prefix': '2CH', 'start_number': 3, 'pad_width': 3, 'y_tolerance': 50.0, 'auto_continue': False}
[2026-05-23 10:53:18] INFO: ============================================================
[2026-05-23 10:53:18] INFO: 插件启动
[2026-05-23 10:54:59] INFO: ============================================================
[2026-05-23 10:54:59] INFO: 插件启动
[2026-05-23 10:55:01] INFO: 正在连接 AutoCAD...
[2026-05-23 10:55:01] SUCCESS: 已连接到: C110234 宜宾天原锂电新材年产3万吨高压实磷酸铁锂项目后处理系统 PID V1.0 2026.5.22.dwg
[2026-05-23 10:55:01] INFO: 已连接到 AutoCAD: C110234 宜宾天原锂电新材年产3万吨高压实磷酸铁锂项目后处理系统 PID V1.0 2026.5.22.dwg
[2026-05-23 10:55:38] INFO: 请在 AutoCAD 中框选仪表块（右键结束选择）...
[2026-05-23 10:55:43] WARN: 未选中任何带属性的块
[2026-05-23 10:55:50] INFO: 请在 AutoCAD 中框选仪表块（右键结束选择）...
[2026-05-23 10:56:35] INFO: 请在 AutoCAD 中框选仪表块（右键结束选择）...
[2026-05-23 10:57:13] INFO: 请在 AutoCAD 中框选仪表块（右键结束选择）...
[2026-05-23 10:57:45] SUCCESS: 选中 262 个带属性块
[2026-05-23 10:57:45] INFO: 请在 AutoCAD 中框选仪表块（右键结束选择）...
[2026-05-23 10:59:10] WARN: 未选中任何带属性的块
[2026-05-23 10:59:15] INFO: 框选成功: 0 个带属性块
[2026-05-23 10:59:15] SUCCESS: 完成 (用时 89.5 秒)
[2026-05-23 10:59:17] INFO: 正在分析属性标签...
[2026-05-23 10:59:17] SUCCESS: 发现 0 个属性标签
[2026-05-23 11:00:43] INFO: ============================================================
[2026-05-23 11:00:43] INFO: 插件启动
[2026-05-23 11:00:44] INFO: 正在分析属性标签...
[2026-05-23 11:00:44] ERROR: 分析标签失败: 'NoneType' object has no attribute 'get_all_tags'
[2026-05-23 11:00:44] ERROR: 分析标签失败: 'NoneType' object has no attribute 'get_all_tags'
Traceback (most recent call last):
  File "D:\Code\CAD Code\src\ui\main_window.py", line 384, in _step1_select_tags
    self.all_tags = self.analyzer.get_all_tags(self.blocks)
                    ^^^^^^^^^^^^^^^^^^^^^^^^^^
AttributeError: 'NoneType' object has no attribute 'get_all_tags'

[2026-05-23 11:00:46] INFO: 正在提取类型值...
[2026-05-23 11:00:46] ERROR: 提取类型值失败: 'NoneType' object has no attribute 'get_unique_values'
[2026-05-23 11:00:46] ERROR: 提取类型值失败: 'NoneType' object has no attribute 'get_unique_values'
Traceback (most recent call last):
  File "D:\Code\CAD Code\src\ui\main_window.py", line 486, in _step2_select_types
    self.unique_values = self.analyzer.get_unique_values(self.blocks, self.type_tag)
                         ^^^^^^^^^^^^^^^^^^^^^^^^^^^^^^^
AttributeError: 'NoneType' object has no attribute 'get_unique_values'

[2026-05-23 11:00:47] ERROR: 标签「」没有非空值
[2026-05-23 11:01:03] INFO: ============================================================
[2026-05-23 11:01:03] INFO: 插件启动
[2026-05-23 11:01:05] INFO: 正在连接 AutoCAD...
[2026-05-23 11:01:05] SUCCESS: 已连接到: C110234 宜宾天原锂电新材年产3万吨高压实磷酸铁锂项目后处理系统 PID V1.0 2026.5.22.dwg
[2026-05-23 11:01:05] INFO: 已连接到 AutoCAD: C110234 宜宾天原锂电新材年产3万吨高压实磷酸铁锂项目后处理系统 PID V1.0 2026.5.22.dwg
[2026-05-23 11:01:07] INFO: 请在 AutoCAD 中框选仪表块（右键结束选择）...
[2026-05-23 11:01:10] WARN: 未选中任何带属性的块
[2026-05-23 11:01:21] INFO: 请在 AutoCAD 中框选仪表块（右键结束选择）...
[2026-05-23 11:02:22] WARN: 未选中任何带属性的块
[2026-05-23 11:04:02] INFO: ============================================================
[2026-05-23 11:04:02] INFO: 插件启动
[2026-05-23 11:04:27] INFO: ============================================================
[2026-05-23 11:04:27] INFO: 插件启动
[2026-05-23 11:04:29] INFO: 正在连接 AutoCAD...
[2026-05-23 11:04:29] SUCCESS: 已连接到: C110234 宜宾天原锂电新材年产3万吨高压实磷酸铁锂项目后处理系统 PID V1.0 2026.5.22.dwg
[2026-05-23 11:04:29] INFO: 已连接到 AutoCAD: C110234 宜宾天原锂电新材年产3万吨高压实磷酸铁锂项目后处理系统 PID V1.0 2026.5.22.dwg
[2026-05-23 11:05:22] INFO: ============================================================
[2026-05-23 11:05:22] INFO: 插件启动
[2026-05-23 11:05:57] INFO: ============================================================
[2026-05-23 11:05:57] INFO: 插件启动
[2026-05-23 11:06:07] INFO: ============================================================
[2026-05-23 11:06:07] INFO: 插件启动
[2026-05-23 11:06:09] INFO: 正在连接 AutoCAD...
[2026-05-23 11:06:09] SUCCESS: 已连接到: C110234 宜宾天原锂电新材年产3万吨高压实磷酸铁锂项目后处理系统 PID V1.0 2026.5.22.dwg
[2026-05-23 11:06:09] INFO: 已连接到 AutoCAD: C110234 宜宾天原锂电新材年产3万吨高压实磷酸铁锂项目后处理系统 PID V1.0 2026.5.22.dwg
[2026-05-23 11:06:10] INFO: 正在读取 CAD 当前选择...
[2026-05-23 11:06:12] SUCCESS: 读取到 111 个带属性块
[2026-05-23 11:06:12] INFO: 读取选择: 111 个带属性块
[2026-05-23 11:06:12] SUCCESS: 完成 (用时 1.8 秒)
[2026-05-23 11:06:13] INFO: 正在分析属性标签...
[2026-05-23 11:06:16] SUCCESS: 发现 2 个属性标签
[2026-05-23 11:06:16] SUCCESS: 完成 (用时 2.6 秒)
[2026-05-23 11:06:19] SUCCESS: 已选择: 类型=【#(TARGETOBJECT.仪表类型)】, 编号=【#(TARGETOBJECT.仪表图号)#(TARGETOBJECT.仪表位号)】
[2026-05-23 11:06:19] INFO: 标签选择: 类型=#(TARGETOBJECT.仪表类型), 编号=#(TARGETOBJECT.仪表图号)#(TARGETOBJECT.仪表位号)
[2026-05-23 11:06:19] INFO: 正在提取类型值...
[2026-05-23 11:06:24] SUCCESS: 共 13 种类型
[2026-05-23 11:06:24] SUCCESS: 完成 (用时 4.8 秒)
[2026-05-23 11:06:40] SUCCESS: 选择了 5 种: PDIA, PDT, PT, PIA, PISA
[2026-05-23 11:06:40] INFO: 类型选择: ['PDIA', 'PDT', 'PT', 'PIA', 'PISA']
[2026-05-23 11:06:53] SUCCESS: 编号配置: 前缀=「2CH」 起始=3 补零=3位 容差=50.0
[2026-05-23 11:06:53] INFO: 编号配置: {'prefix': '2CH', 'start_number': 3, 'pad_width': 3, 'y_tolerance': 50.0, 'auto_continue': False}
[2026-05-23 11:06:55] INFO: ========================================
[2026-05-23 11:06:55] INFO: 开始执行编号...
[2026-05-23 11:06:55] INFO: 正在生成编号...
[2026-05-23 11:06:58] INFO:   PISA: 2 个块 → 2CH003...
[2026-05-23 11:06:58] INFO:   PT: 6 个块 → 2CH004...
[2026-05-23 11:06:58] INFO:   PDIA: 7 个块 → 2CH005...
[2026-05-23 11:06:58] INFO:   PDT: 7 个块 → 2CH006...
[2026-05-23 11:06:58] INFO:   PIA: 4 个块 → 2CH013...
[2026-05-23 11:06:58] INFO: 正在写入 AutoCAD...
[2026-05-23 11:07:02] INFO: ========================================
[2026-05-23 11:07:02] SUCCESS: 🎉 编号完成！共 26 个块
[2026-05-23 11:07:02] INFO: 编号完成: 共26个块, 详情={'PISA': 2, 'PT': 6, 'PDIA': 7, 'PDT': 7, 'PIA': 4}
[2026-05-23 11:07:02] INFO:    PDIA: 7 个块
[2026-05-23 11:07:02] INFO:    PDT: 7 个块
[2026-05-23 11:07:02] INFO:    PIA: 4 个块
[2026-05-23 11:07:02] INFO:    PISA: 2 个块
[2026-05-23 11:07:02] INFO:    PT: 6 个块
[2026-05-23 11:07:02] INFO: ========================================
[2026-05-23 11:09:05] INFO: ============================================================
[2026-05-23 11:09:05] INFO: 插件启动
[2026-05-23 11:09:08] INFO: 正在连接 AutoCAD...
[2026-05-23 11:09:08] SUCCESS: 已连接到: C110234 宜宾天原锂电新材年产3万吨高压实磷酸铁锂项目后处理系统 PID V1.0 2026.5.22.dwg
[2026-05-23 11:09:08] INFO: 已连接到 AutoCAD: C110234 宜宾天原锂电新材年产3万吨高压实磷酸铁锂项目后处理系统 PID V1.0 2026.5.22.dwg
[2026-05-23 11:09:25] INFO: 正在读取 CAD 当前选择...
[2026-05-23 11:09:27] SUCCESS: 读取到 99 个带属性块
[2026-05-23 11:09:27] INFO: 读取选择: 99 个带属性块
[2026-05-23 11:09:27] SUCCESS: 完成 (用时 1.5 秒)
[2026-05-23 11:09:31] INFO: 正在分析属性标签...
[2026-05-23 11:09:33] SUCCESS: 发现 2 个属性标签
[2026-05-23 11:09:33] SUCCESS: 完成 (用时 2.2 秒)
[2026-05-23 11:09:35] SUCCESS: 已选择: 类型=【#(TARGETOBJECT.仪表类型)】, 编号=【#(TARGETOBJECT.仪表图号)#(TARGETOBJECT.仪表位号)】
[2026-05-23 11:09:35] INFO: 标签选择: 类型=#(TARGETOBJECT.仪表类型), 编号=#(TARGETOBJECT.仪表图号)#(TARGETOBJECT.仪表位号)
[2026-05-23 11:09:35] INFO: 正在提取类型值...
[2026-05-23 11:09:39] SUCCESS: 共 13 种类型
[2026-05-23 11:09:39] SUCCESS: 完成 (用时 4.2 秒)
[2026-05-23 11:09:45] SUCCESS: 选择了 5 种: PDIA, PDT, PT, PIA, PISA
[2026-05-23 11:09:45] INFO: 类型选择: ['PDIA', 'PDT', 'PT', 'PIA', 'PISA']
[2026-05-23 11:12:21] INFO: ============================================================
[2026-05-23 11:12:21] INFO: 插件启动
[2026-05-23 11:12:33] INFO: ============================================================
[2026-05-23 11:12:33] INFO: 插件启动
[2026-05-23 11:12:34] INFO: 正在提取类型值...
[2026-05-23 11:12:34] ERROR: 提取类型值失败: 'NoneType' object has no attribute 'get_unique_values'
[2026-05-23 11:12:34] ERROR: 提取类型值失败: 'NoneType' object has no attribute 'get_unique_values'
Traceback (most recent call last):
  File "D:\Code\CAD Code\src\ui\main_window.py", line 537, in _step2_select_types
    self.unique_values = self.analyzer.get_unique_values(self.blocks, self.type_tag)
                         ^^^^^^^^^^^^^^^^^^^^^^^^^^^^^^^
AttributeError: 'NoneType' object has no attribute 'get_unique_values'

[2026-05-23 11:12:37] ERROR: 标签「TEST」没有非空值
[2026-05-23 11:13:11] INFO: ============================================================
[2026-05-23 11:13:11] INFO: 插件启动
[2026-05-23 11:13:12] INFO: 正在分析属性标签...
[2026-05-23 11:13:12] ERROR: 分析标签失败: 'NoneType' object has no attribute 'get_all_tags'
[2026-05-23 11:13:12] ERROR: 分析标签失败: 'NoneType' object has no attribute 'get_all_tags'
Traceback (most recent call last):
  File "D:\Code\CAD Code\src\ui\main_window.py", line 435, in _step1_select_tags
    self.all_tags = self.analyzer.get_all_tags(self.blocks)
                    ^^^^^^^^^^^^^^^^^^^^^^^^^^
AttributeError: 'NoneType' object has no attribute 'get_all_tags'

[2026-05-23 11:13:13] INFO: 正在提取类型值...
[2026-05-23 11:13:13] ERROR: 提取类型值失败: 'NoneType' object has no attribute 'get_unique_values'
[2026-05-23 11:13:13] ERROR: 提取类型值失败: 'NoneType' object has no attribute 'get_unique_values'
Traceback (most recent call last):
  File "D:\Code\CAD Code\src\ui\main_window.py", line 537, in _step2_select_types
    self.unique_values = self.analyzer.get_unique_values(self.blocks, self.type_tag)
                         ^^^^^^^^^^^^^^^^^^^^^^^^^^^^^^^
AttributeError: 'NoneType' object has no attribute 'get_unique_values'

[2026-05-23 11:13:14] ERROR: 标签「TEST」没有非空值
[2026-05-23 11:13:53] INFO: ============================================================
[2026-05-23 11:13:53] INFO: 插件启动
[2026-05-23 11:13:56] INFO: 正在连接 AutoCAD...
[2026-05-23 11:13:56] SUCCESS: 已连接到: C110234 宜宾天原锂电新材年产3万吨高压实磷酸铁锂项目后处理系统 PID V1.0 2026.5.22.dwg
[2026-05-23 11:13:56] INFO: 已连接到 AutoCAD: C110234 宜宾天原锂电新材年产3万吨高压实磷酸铁锂项目后处理系统 PID V1.0 2026.5.22.dwg
[2026-05-23 11:14:30] INFO: 正在读取 CAD 当前选择...
[2026-05-23 11:14:32] SUCCESS: 读取到 111 个带属性块
[2026-05-23 11:14:32] INFO: 读取选择: 111 个带属性块
[2026-05-23 11:14:32] SUCCESS: 完成 (用时 1.7 秒)
[2026-05-23 11:14:34] INFO: 正在分析属性标签...
[2026-05-23 11:14:36] SUCCESS: 发现 2 个属性标签
[2026-05-23 11:14:36] SUCCESS: 完成 (用时 2.5 秒)
[2026-05-23 11:14:38] SUCCESS: 已选择: 类型=【#(TARGETOBJECT.仪表类型)】, 编号=【#(TARGETOBJECT.仪表图号)#(TARGETOBJECT.仪表位号)】
[2026-05-23 11:14:38] INFO: 标签选择: 类型=#(TARGETOBJECT.仪表类型), 编号=#(TARGETOBJECT.仪表图号)#(TARGETOBJECT.仪表位号)
[2026-05-23 11:14:38] INFO: 正在提取类型值...
[2026-05-23 11:14:42] SUCCESS: 共 13 种类型
[2026-05-23 11:14:42] SUCCESS: 完成 (用时 4.6 秒)
[2026-05-23 11:14:44] SUCCESS: 选择了 5 种: PDIA, PDT, PIA, PISA, PT
[2026-05-23 11:14:44] INFO: 类型选择: ['PDIA', 'PDT', 'PIA', 'PISA', 'PT']
[2026-05-23 11:14:53] SUCCESS: 编号配置: 前缀=「2CH」 起始=3 补零=3位 容差=50.0
[2026-05-23 11:14:53] INFO: 编号配置: {'prefix': '2CH', 'start_number': 3, 'pad_width': 3, 'y_tolerance': 50.0, 'auto_continue': False}
[2026-05-23 11:14:54] INFO: ========================================
[2026-05-23 11:14:54] INFO: 开始执行编号...
[2026-05-23 11:14:54] INFO: 正在生成编号...
[2026-05-23 11:14:57] INFO:   PISA: 2 个块 → 2CH003...
[2026-05-23 11:14:57] INFO:   PT: 6 个块 → 2CH004...
[2026-05-23 11:14:57] INFO:   PDIA: 7 个块 → 2CH005...
[2026-05-23 11:14:57] INFO:   PDT: 7 个块 → 2CH006...
[2026-05-23 11:14:57] INFO:   PIA: 4 个块 → 2CH013...
[2026-05-23 11:14:57] INFO: 正在写入 AutoCAD...
[2026-05-23 11:15:02] INFO: ========================================
[2026-05-23 11:15:02] SUCCESS: 🎉 编号完成！共 26 个块
[2026-05-23 11:15:02] INFO: 编号完成: 共26个块, 详情={'PISA': 2, 'PT': 6, 'PDIA': 7, 'PDT': 7, 'PIA': 4}
[2026-05-23 11:15:02] INFO:    PDIA: 7 个块
[2026-05-23 11:15:02] INFO:    PDT: 7 个块
[2026-05-23 11:15:02] INFO:    PIA: 4 个块
[2026-05-23 11:15:02] INFO:    PISA: 2 个块
[2026-05-23 11:15:02] INFO:    PT: 6 个块
[2026-05-23 11:15:02] INFO: ========================================
[2026-05-23 11:15:23] INFO: 正在读取 CAD 当前选择...
[2026-05-23 11:15:25] SUCCESS: 读取到 111 个带属性块
[2026-05-23 11:15:25] INFO: 读取选择: 111 个带属性块
[2026-05-23 11:15:25] SUCCESS: 完成 (用时 1.7 秒)
[2026-05-23 11:15:57] INFO: 请在 AutoCAD 中框选仪表块（右键结束选择）...
[2026-05-23 11:16:18] SUCCESS: 选中 301 个带属性块
[2026-05-23 11:16:18] INFO: 框选成功: 301 个带属性块
[2026-05-23 11:16:18] SUCCESS: 完成 (用时 21.0 秒)
[2026-05-23 11:16:27] INFO: 正在分析属性标签...
[2026-05-23 11:17:19] SUCCESS: 发现 11 个属性标签
[2026-05-23 11:17:19] SUCCESS: 完成 (用时 51.5 秒)
[2026-05-23 11:17:33] SUCCESS: 已选择: 类型=【#(TARGETOBJECT.仪表类型)】, 编号=【#(TARGETOBJECT.仪表图号)#(TARGETOBJECT.仪表位号)】
[2026-05-23 11:17:33] INFO: 标签选择: 类型=#(TARGETOBJECT.仪表类型), 编号=#(TARGETOBJECT.仪表图号)#(TARGETOBJECT.仪表位号)
[2026-05-23 11:17:33] INFO: 正在提取类型值...
[2026-05-23 11:17:46] SUCCESS: 共 14 种类型
[2026-05-23 11:17:46] SUCCESS: 完成 (用时 12.7 秒)
[2026-05-23 11:17:49] SUCCESS: 选择了 5 种: PDIA, PDT, PIA, PISA, PT
[2026-05-23 11:17:49] INFO: 类型选择: ['PDIA', 'PDT', 'PIA', 'PISA', 'PT']
[2026-05-23 11:17:55] SUCCESS: 编号配置: 前缀=「2CH」 起始=3 补零=3位 容差=50.0
[2026-05-23 11:17:55] INFO: 编号配置: {'prefix': '2CH', 'start_number': 3, 'pad_width': 3, 'y_tolerance': 50.0, 'auto_continue': False}
[2026-05-23 11:18:33] INFO: ============================================================
[2026-05-23 11:18:33] INFO: 插件启动
[2026-05-23 11:18:35] INFO: 正在连接 AutoCAD...
[2026-05-23 11:18:35] SUCCESS: 已连接到: C110234 宜宾天原锂电新材年产3万吨高压实磷酸铁锂项目后处理系统 PID V1.0 2026.5.22.dwg
[2026-05-23 11:18:35] INFO: 已连接到 AutoCAD: C110234 宜宾天原锂电新材年产3万吨高压实磷酸铁锂项目后处理系统 PID V1.0 2026.5.22.dwg
[2026-05-23 11:18:46] INFO: 正在读取 CAD 当前选择...
[2026-05-23 11:18:48] SUCCESS: 读取到 99 个带属性块
[2026-05-23 11:18:48] INFO: 读取选择: 99 个带属性块
[2026-05-23 11:18:48] SUCCESS: 完成 (用时 1.6 秒)
[2026-05-23 11:18:49] INFO: 正在分析属性标签...
[2026-05-23 11:18:51] SUCCESS: 发现 2 个属性标签
[2026-05-23 11:18:51] SUCCESS: 完成 (用时 2.2 秒)
[2026-05-23 11:18:52] SUCCESS: 已选择: 类型=【#(TARGETOBJECT.仪表类型)】, 编号=【#(TARGETOBJECT.仪表图号)#(TARGETOBJECT.仪表位号)】
[2026-05-23 11:18:52] INFO: 标签选择: 类型=#(TARGETOBJECT.仪表类型), 编号=#(TARGETOBJECT.仪表图号)#(TARGETOBJECT.仪表位号)
[2026-05-23 11:18:52] INFO: 正在提取类型值...
[2026-05-23 11:18:57] SUCCESS: 共 13 种类型
[2026-05-23 11:18:57] SUCCESS: 完成 (用时 4.2 秒)
[2026-05-23 11:19:05] SUCCESS: 选择了 2 种: WICAS, WT
[2026-05-23 11:19:05] INFO: 类型选择: ['WICAS', 'WT']
[2026-05-23 11:19:16] SUCCESS: 编号配置: 前缀=「2CH」 起始=3 补零=3位 容差=50.0
[2026-05-23 11:19:16] INFO: 编号配置: {'prefix': '2CH', 'start_number': 3, 'pad_width': 3, 'y_tolerance': 50.0, 'auto_continue': False}
[2026-05-23 11:19:20] INFO: ========================================
[2026-05-23 11:19:20] INFO: 开始执行编号...
[2026-05-23 11:19:20] INFO: 正在生成编号...
[2026-05-23 11:19:23] INFO:   WICAS: 8 个块 → 2CH003...
[2026-05-23 11:19:23] INFO:   WT: 8 个块 → 2CH004...
[2026-05-23 11:19:23] INFO: 正在写入 AutoCAD...
[2026-05-23 11:19:27] INFO: ========================================
[2026-05-23 11:19:27] SUCCESS: 🎉 编号完成！共 16 个块
[2026-05-23 11:19:27] INFO: 编号完成: 共16个块, 详情={'WICAS': 8, 'WT': 8}
[2026-05-23 11:19:27] INFO:    WICAS: 8 个块
[2026-05-23 11:19:27] INFO:    WT: 8 个块
[2026-05-23 11:19:27] INFO: ========================================
[2026-05-23 11:21:03] INFO: ============================================================
[2026-05-23 11:21:03] INFO: 插件启动
[2026-05-23 11:21:05] INFO: 正在分析属性标签...
[2026-05-23 11:21:05] ERROR: 分析标签失败: 'NoneType' object has no attribute 'get_all_tags'
[2026-05-23 11:21:05] ERROR: 分析标签失败: 'NoneType' object has no attribute 'get_all_tags'
Traceback (most recent call last):
  File "D:\Code\CAD Code\src\ui\main_window.py", line 436, in _step1_select_tags
    self.all_tags = self.analyzer.get_all_tags(self.blocks)
                    ^^^^^^^^^^^^^^^^^^^^^^^^^^
AttributeError: 'NoneType' object has no attribute 'get_all_tags'

[2026-05-23 11:21:20] WARN: 请先连接 AutoCAD 并框选块！
[2026-05-23 11:21:39] INFO: ============================================================
[2026-05-23 11:21:39] INFO: 插件启动
[2026-05-23 11:21:41] INFO: 正在连接 AutoCAD...
[2026-05-23 11:21:41] SUCCESS: 已连接到: C110234 宜宾天原锂电新材年产3万吨高压实磷酸铁锂项目后处理系统 PID V1.0 2026.5.22.dwg
[2026-05-23 11:21:41] INFO: 已连接到 AutoCAD: C110234 宜宾天原锂电新材年产3万吨高压实磷酸铁锂项目后处理系统 PID V1.0 2026.5.22.dwg
[2026-05-23 11:21:42] INFO: 正在读取 CAD 当前选择...
[2026-05-23 11:21:43] SUCCESS: 读取到 99 个带属性块
[2026-05-23 11:21:43] INFO: 读取选择: 99 个带属性块
[2026-05-23 11:21:43] SUCCESS: 完成 (用时 1.5 秒)
[2026-05-23 11:21:44] INFO: 正在分析属性标签...
[2026-05-23 11:21:47] SUCCESS: 发现 2 个属性标签
[2026-05-23 11:21:47] SUCCESS: 完成 (用时 2.5 秒)
[2026-05-23 11:21:51] SUCCESS: 已选择: 类型=【#(TARGETOBJECT.仪表类型)】, 编号=【#(TARGETOBJECT.仪表图号)#(TARGETOBJECT.仪表位号)】
[2026-05-23 11:21:51] INFO: 标签选择: 类型=#(TARGETOBJECT.仪表类型), 编号=#(TARGETOBJECT.仪表图号)#(TARGETOBJECT.仪表位号)
[2026-05-23 11:21:51] INFO: 正在提取类型值...
[2026-05-23 11:21:55] SUCCESS: 共 13 种类型
[2026-05-23 11:21:55] SUCCESS: 完成 (用时 4.1 秒)
[2026-05-23 11:22:00] SUCCESS: 选择了 2 种: WICAS, WT
[2026-05-23 11:22:00] INFO: 类型选择: ['WICAS', 'WT']
[2026-05-23 11:22:02] SUCCESS: 编号配置: 前缀=「2CH」 起始=3 补零=3位 容差=50.0
[2026-05-23 11:22:02] INFO: 编号配置: {'prefix': '2CH', 'start_number': 3, 'pad_width': 3, 'y_tolerance': 50.0, 'auto_continue': False}
[2026-05-23 11:22:04] INFO: ========================================
[2026-05-23 11:22:04] INFO: 开始执行编号...
[2026-05-23 11:22:04] INFO: 正在生成编号...
[2026-05-23 11:22:06] INFO:   WICAS: 8 个块 → 2CH003...
[2026-05-23 11:22:06] INFO:   WT: 8 个块 → 2CH004...
[2026-05-23 11:22:06] INFO: 正在写入 AutoCAD...
[2026-05-23 11:22:09] INFO: ========================================
[2026-05-23 11:22:09] SUCCESS: 🎉 编号完成！共 16 个块
[2026-05-23 11:22:09] INFO: 编号完成: 共16个块, 详情={'WICAS': 8, 'WT': 8}
[2026-05-23 11:22:09] INFO:    WICAS: 8 个块
[2026-05-23 11:22:09] INFO:    WT: 8 个块
[2026-05-23 11:22:09] INFO: ========================================
[2026-05-23 11:22:13] SUCCESS: 编号配置: 前缀=「2CH」 起始=3 补零=3位 容差=50.0
[2026-05-23 11:22:13] INFO: 编号配置: {'prefix': '2CH', 'start_number': 3, 'pad_width': 3, 'y_tolerance': 50.0, 'auto_continue': False}
[2026-05-23 11:22:17] INFO: 正在读取 CAD 当前选择...
[2026-05-23 11:22:18] SUCCESS: 读取到 99 个带属性块
[2026-05-23 11:22:18] INFO: 读取选择: 99 个带属性块
[2026-05-23 11:22:18] SUCCESS: 完成 (用时 1.6 秒)
[2026-05-23 11:22:40] INFO: 正在读取 CAD 当前选择...
[2026-05-23 11:22:41] SUCCESS: 读取到 30 个带属性块
[2026-05-23 11:22:41] INFO: 读取选择: 30 个带属性块
[2026-05-23 11:22:46] INFO: 正在分析属性标签...
[2026-05-23 11:22:48] SUCCESS: 发现 2 个属性标签
[2026-05-23 11:22:48] SUCCESS: 完成 (用时 1.4 秒)
[2026-05-23 11:22:49] SUCCESS: 已选择: 类型=【#(TARGETOBJECT.仪表类型)】, 编号=【#(TARGETOBJECT.仪表图号)#(TARGETOBJECT.仪表位号)】
[2026-05-23 11:22:49] INFO: 标签选择: 类型=#(TARGETOBJECT.仪表类型), 编号=#(TARGETOBJECT.仪表图号)#(TARGETOBJECT.仪表位号)
[2026-05-23 11:22:49] INFO: 正在提取类型值...
[2026-05-23 11:22:50] SUCCESS: 共 5 种类型
[2026-05-23 11:22:50] SUCCESS: 完成 (用时 1.3 秒)
[2026-05-23 11:22:52] SUCCESS: 选择了 2 种: WICAS, WT
[2026-05-23 11:22:52] INFO: 类型选择: ['WICAS', 'WT']
[2026-05-23 11:23:17] SUCCESS: 已选择: 类型=【#(TARGETOBJECT.仪表类型)】, 编号=【#(TARGETOBJECT.仪表图号)#(TARGETOBJECT.仪表位号)】
[2026-05-23 11:23:17] INFO: 标签选择: 类型=#(TARGETOBJECT.仪表类型), 编号=#(TARGETOBJECT.仪表图号)#(TARGETOBJECT.仪表位号)
[2026-05-23 11:26:40] INFO: ============================================================
[2026-05-23 11:26:40] INFO: 插件启动
[2026-05-23 11:27:08] INFO: ============================================================
[2026-05-23 11:27:08] INFO: 插件启动
[2026-05-23 11:27:11] INFO: 正在连接 AutoCAD...
[2026-05-23 11:27:11] SUCCESS: 已连接到: C110234 宜宾天原锂电新材年产3万吨高压实磷酸铁锂项目后处理系统 PID V1.0 2026.5.22.dwg
[2026-05-23 11:27:11] INFO: 已连接到 AutoCAD: C110234 宜宾天原锂电新材年产3万吨高压实磷酸铁锂项目后处理系统 PID V1.0 2026.5.22.dwg
[2026-05-23 11:27:21] INFO: 正在读取 CAD 当前选择...
[2026-05-23 11:27:23] SUCCESS: 读取到 99 个带属性块
[2026-05-23 11:27:23] INFO: 读取选择: 99 个带属性块
[2026-05-23 11:27:23] SUCCESS: 完成 (用时 1.6 秒)
[2026-05-23 11:27:23] INFO: 正在分析属性标签...
[2026-05-23 11:27:26] SUCCESS: 发现 2 个属性标签
[2026-05-23 11:27:26] SUCCESS: 完成 (用时 2.4 秒)
[2026-05-23 11:27:36] SUCCESS: 已选择: 类型=【#(TARGETOBJECT.仪表类型)】, 编号=【#(TARGETOBJECT.仪表图号)#(TARGETOBJECT.仪表位号)】
[2026-05-23 11:27:36] INFO: 标签选择: 类型=#(TARGETOBJECT.仪表类型), 编号=#(TARGETOBJECT.仪表图号)#(TARGETOBJECT.仪表位号)
[2026-05-23 11:27:36] INFO: 正在提取类型值...
[2026-05-23 11:27:40] SUCCESS: 共 13 种类型
[2026-05-23 11:27:40] SUCCESS: 完成 (用时 4.3 秒)
[2026-05-23 11:27:52] SUCCESS: 选择了 2 种: WICAS, WT
[2026-05-23 11:27:52] INFO: 类型选择: ['WICAS', 'WT']
[2026-05-23 11:27:54] SUCCESS: 编号配置: 前缀=「2CH」 起始=3 补零=3位 容差=50.0
[2026-05-23 11:27:54] INFO: 编号配置: {'prefix': '2CH', 'start_number': 3, 'pad_width': 3, 'y_tolerance': 50.0, 'auto_continue': False}
[2026-05-23 11:27:56] INFO: ========================================
[2026-05-23 11:27:56] INFO: 开始执行编号...
[2026-05-23 11:27:56] INFO: 正在生成编号...
[2026-05-23 11:27:59] INFO:   WICAS: 8 个块 → 2CH003...
[2026-05-23 11:27:59] INFO:   WT: 8 个块 → 2CH004...
[2026-05-23 11:27:59] INFO: 正在写入 AutoCAD...
[2026-05-23 11:28:02] INFO: ========================================
[2026-05-23 11:28:02] SUCCESS: 🎉 编号完成！共 16 个块
[2026-05-23 11:28:02] INFO: 编号完成: 共16个块, 详情={'WICAS': 8, 'WT': 8}
[2026-05-23 11:28:02] INFO:    WICAS: 8 个块
[2026-05-23 11:28:02] INFO:    WT: 8 个块
[2026-05-23 11:28:02] INFO: ========================================
[2026-05-23 11:29:50] INFO: 正在读取 CAD 当前选择...
[2026-05-23 11:29:50] SUCCESS: 读取到 30 个带属性块
[2026-05-23 11:29:50] INFO: 读取选择: 30 个带属性块
[2026-05-23 11:29:52] INFO: 正在分析属性标签...
[2026-05-23 11:29:53] SUCCESS: 发现 2 个属性标签
[2026-05-23 11:29:53] SUCCESS: 完成 (用时 1.3 秒)
[2026-05-23 11:29:54] SUCCESS: 已选择: 类型=【#(TARGETOBJECT.仪表类型)】, 编号=【#(TARGETOBJECT.仪表图号)#(TARGETOBJECT.仪表位号)】
[2026-05-23 11:29:54] INFO: 标签选择: 类型=#(TARGETOBJECT.仪表类型), 编号=#(TARGETOBJECT.仪表图号)#(TARGETOBJECT.仪表位号)
[2026-05-23 11:29:54] INFO: 正在提取类型值...
[2026-05-23 11:29:56] SUCCESS: 共 5 种类型
[2026-05-23 11:29:56] SUCCESS: 完成 (用时 1.3 秒)
[2026-05-23 11:29:57] SUCCESS: 选择了 2 种: WICAS, WT
[2026-05-23 11:29:57] INFO: 类型选择: ['WICAS', 'WT']
[2026-05-23 11:29:59] SUCCESS: 编号配置: 前缀=「2CH」 起始=3 补零=3位 容差=50.0
[2026-05-23 11:29:59] INFO: 编号配置: {'prefix': '2CH', 'start_number': 3, 'pad_width': 3, 'y_tolerance': 50.0, 'auto_continue': False}
[2026-05-23 11:30:01] INFO: ========================================
[2026-05-23 11:30:01] INFO: 开始执行编号...
[2026-05-23 11:30:01] INFO: 正在生成编号...
[2026-05-23 11:30:02] INFO:   WICAS: 8 个块 → 2CH003...
[2026-05-23 11:30:02] INFO:   WT: 8 个块 → 2CH004...
[2026-05-23 11:30:02] INFO: 正在写入 AutoCAD...
[2026-05-23 11:30:04] INFO: ========================================
[2026-05-23 11:30:04] SUCCESS: 🎉 编号完成！共 16 个块
[2026-05-23 11:30:04] INFO: 编号完成: 共16个块, 详情={'WICAS': 8, 'WT': 8}
[2026-05-23 11:30:04] INFO:    WICAS: 8 个块
[2026-05-23 11:30:04] INFO:    WT: 8 个块
[2026-05-23 11:30:04] INFO: ========================================
[2026-05-23 11:34:08] SUCCESS: 编号配置: 前缀=「2CH」 起始=3 补零=3位 容差=50.0
[2026-05-23 11:34:08] INFO: 编号配置: {'prefix': '2CH', 'start_number': 3, 'pad_width': 3, 'y_tolerance': 50.0, 'auto_continue': True}
[2026-05-23 11:38:14] INFO: ============================================================
[2026-05-23 11:38:14] INFO: 插件启动
[2026-05-23 11:38:15] INFO: 已重置编号状态，可以再次调整参数后重新编号
[2026-05-23 11:38:30] INFO: ============================================================
[2026-05-23 11:38:30] INFO: 插件启动
[2026-05-23 11:38:32] INFO: 正在连接 AutoCAD...
[2026-05-23 11:38:32] SUCCESS: 已连接到: C110234 宜宾天原锂电新材年产3万吨高压实磷酸铁锂项目后处理系统 PID V1.0 2026.5.22.dwg
[2026-05-23 11:38:32] INFO: 已连接到 AutoCAD: C110234 宜宾天原锂电新材年产3万吨高压实磷酸铁锂项目后处理系统 PID V1.0 2026.5.22.dwg
[2026-05-23 11:39:01] INFO: 正在读取 CAD 当前选择...
[2026-05-23 11:39:02] SUCCESS: 读取到 60 个带属性块
[2026-05-23 11:39:02] INFO: 读取选择: 60 个带属性块
[2026-05-23 11:39:03] INFO: 正在分析属性标签...
[2026-05-23 11:39:05] SUCCESS: 发现 2 个属性标签
[2026-05-23 11:39:05] SUCCESS: 完成 (用时 1.9 秒)
[2026-05-23 11:39:08] SUCCESS: 已选择: 类型=【#(TARGETOBJECT.仪表类型)】, 编号=【#(TARGETOBJECT.仪表图号)#(TARGETOBJECT.仪表位号)】
[2026-05-23 11:39:08] INFO: 标签选择: 类型=#(TARGETOBJECT.仪表类型), 编号=#(TARGETOBJECT.仪表图号)#(TARGETOBJECT.仪表位号)
[2026-05-23 11:39:08] INFO: 正在提取类型值...
[2026-05-23 11:39:10] SUCCESS: 共 9 种类型
[2026-05-23 11:39:10] SUCCESS: 完成 (用时 2.7 秒)
[2026-05-23 11:39:17] SUCCESS: 选择了 1 种: XA
[2026-05-23 11:39:17] INFO: 类型选择: ['XA']
[2026-05-23 11:39:32] SUCCESS: 编号配置: 前缀=「2CH」 起始=3 补零=3位 容差=50.0
[2026-05-23 11:39:32] INFO: 编号配置: {'prefix': '2CH', 'start_number': 3, 'pad_width': 3, 'y_tolerance': 50.0, 'auto_continue': False}
[2026-05-23 11:39:33] INFO: ========================================
[2026-05-23 11:39:33] INFO: 开始执行编号...
[2026-05-23 11:39:33] INFO: 正在生成编号...
[2026-05-23 11:39:34] INFO:   XA: 12 个块 → 2CH003...
[2026-05-23 11:39:34] INFO: 正在写入 AutoCAD...
[2026-05-23 11:39:37] INFO: ========================================
[2026-05-23 11:39:37] SUCCESS: 🎉 编号完成！共 12 个块
[2026-05-23 11:39:37] INFO: 编号完成: 共12个块, 详情={'XA': 12}
[2026-05-23 11:39:37] INFO:    XA: 12 个块
[2026-05-23 11:39:37] INFO: ========================================
[2026-05-23 11:40:04] INFO: 已重置编号状态，可以再次调整参数后重新编号
[2026-05-23 11:40:08] SUCCESS: 编号配置: 前缀=「2CH」 起始=3 补零=3位 容差=50.0
[2026-05-23 11:40:08] INFO: 编号配置: {'prefix': '2CH', 'start_number': 3, 'pad_width': 3, 'y_tolerance': 50.0, 'auto_continue': True}
[2026-05-23 11:40:08] INFO: ========================================
[2026-05-23 11:40:08] INFO: 开始执行编号...
[2026-05-23 11:40:08] INFO: 正在生成编号...
[2026-05-23 11:40:09] ERROR: 编号失败: (-2147352567, '发生意外。', (0, 'AutoCAD.Application', '对象已被删除', 'C:\\Program Files\\Autodesk\\AutoCAD 2025\\HELP\\OLE_ERR.CHM', -2145386420, -2145386420), None)
[2026-05-23 11:40:09] ERROR: Traceback (most recent call last):
  File "D:\Code\CAD Code\src\ui\main_window.py", line 807, in _execute_numbering
    preview = engine.preview_numbering(
        block_refs=self.blocks, type_tag=self.type_tag,
        number_tag=self.number_tag, selected_types=self.selected_types,
        config=self.number_config)
  File "D:\Code\CAD Code\src\numbering.py", line 306, in preview_numbering
    type_val = AcadConnect.get_attribute_value(blk, type_tag)
  File "D:\Code\CAD Code\src\acad_com.py", line 201, in get_attribute_value
    for tag, value, _ in AcadConnect.get_block_attributes(block_ref):
                         ~~~~~~~~~~~~~~~~~~~~~~~~~~~~~~~~^^^^^^^^^^^
  File "D:\Code\CAD Code\src\acad_com.py", line 192, in get_block_attributes
    for attr in block_ref.GetAttributes():
                ~~~~~~~~~~~~~~~~~~~~~~~^^
  File "<COMObject Item>", line 2, in GetAttributes
  File "C:\Users\Z890\AppData\Local\Programs\Python\Python314\Lib\site-packages\win32com\client\dynamic.py", line 356, in _ApplyTypes_
    result = self._oleobj_.InvokeTypes(
        *(dispid, LCID, wFlags, retType, argTypes) + args
    )
pywintypes.com_error: (-2147352567, '发生意外。', (0, 'AutoCAD.Application', '对象已被删除', 'C:\\Program Files\\Autodesk\\AutoCAD 2025\\HELP\\OLE_ERR.CHM', -2145386420, -2145386420), None)

[2026-05-23 11:40:09] ERROR: 编号失败: (-2147352567, '发生意外。', (0, 'AutoCAD.Application', '对象已被删除', 'C:\\Program Files\\Autodesk\\AutoCAD 2025\\HELP\\OLE_ERR.CHM', -2145386420, -2145386420), None)
Traceback (most recent call last):
  File "D:\Code\CAD Code\src\ui\main_window.py", line 807, in _execute_numbering
    preview = engine.preview_numbering(
        block_refs=self.blocks, type_tag=self.type_tag,
        number_tag=self.number_tag, selected_types=self.selected_types,
        config=self.number_config)
  File "D:\Code\CAD Code\src\numbering.py", line 306, in preview_numbering
    type_val = AcadConnect.get_attribute_value(blk, type_tag)
  File "D:\Code\CAD Code\src\acad_com.py", line 201, in get_attribute_value
    for tag, value, _ in AcadConnect.get_block_attributes(block_ref):
                         ~~~~~~~~~~~~~~~~~~~~~~~~~~~~~~~~^^^^^^^^^^^
  File "D:\Code\CAD Code\src\acad_com.py", line 192, in get_block_attributes
    for attr in block_ref.GetAttributes():
                ~~~~~~~~~~~~~~~~~~~~~~~^^
  File "<COMObject Item>", line 2, in GetAttributes
  File "C:\Users\Z890\AppData\Local\Programs\Python\Python314\Lib\site-packages\win32com\client\dynamic.py", line 356, in _ApplyTypes_
    result = self._oleobj_.InvokeTypes(
        *(dispid, LCID, wFlags, retType, argTypes) + args
    )
pywintypes.com_error: (-2147352567, '发生意外。', (0, 'AutoCAD.Application', '对象已被删除', 'C:\\Program Files\\Autodesk\\AutoCAD 2025\\HELP\\OLE_ERR.CHM', -2145386420, -2145386420), None)

[2026-05-23 11:40:24] INFO: 正在读取 CAD 当前选择...
[2026-05-23 11:40:25] SUCCESS: 读取到 60 个带属性块
[2026-05-23 11:40:25] INFO: 读取选择: 60 个带属性块
[2026-05-23 11:40:26] INFO: 正在分析属性标签...
[2026-05-23 11:40:28] SUCCESS: 发现 2 个属性标签
[2026-05-23 11:40:28] SUCCESS: 完成 (用时 2.1 秒)
[2026-05-23 11:40:29] SUCCESS: 已选择: 类型=【#(TARGETOBJECT.仪表类型)】, 编号=【#(TARGETOBJECT.仪表图号)#(TARGETOBJECT.仪表位号)】
[2026-05-23 11:40:29] INFO: 标签选择: 类型=#(TARGETOBJECT.仪表类型), 编号=#(TARGETOBJECT.仪表图号)#(TARGETOBJECT.仪表位号)
[2026-05-23 11:40:29] INFO: 正在提取类型值...
[2026-05-23 11:40:32] SUCCESS: 共 9 种类型
[2026-05-23 11:40:32] SUCCESS: 完成 (用时 2.6 秒)
[2026-05-23 11:40:33] SUCCESS: 选择了 2 种: WICAS, WT
[2026-05-23 11:40:33] INFO: 类型选择: ['WICAS', 'WT']
[2026-05-23 11:40:36] SUCCESS: 编号配置: 前缀=「2CH」 起始=3 补零=3位 容差=50.0
[2026-05-23 11:40:36] INFO: 编号配置: {'prefix': '2CH', 'start_number': 3, 'pad_width': 3, 'y_tolerance': 50.0, 'auto_continue': True}
[2026-05-23 11:40:38] INFO: ========================================
[2026-05-23 11:40:38] INFO: 开始执行编号...
[2026-05-23 11:40:38] INFO: 正在生成编号...
[2026-05-23 11:40:40] INFO:   WICAS: 2 个块 → 2CH007...
[2026-05-23 11:40:40] INFO:   WT: 2 个块 → 2CH008...
[2026-05-23 11:40:40] INFO: 正在写入 AutoCAD...
[2026-05-23 11:40:41] INFO: ========================================
[2026-05-23 11:40:41] SUCCESS: 🎉 编号完成！共 4 个块
[2026-05-23 11:40:41] INFO: 编号完成: 共4个块, 详情={'WICAS': 2, 'WT': 2}
[2026-05-23 11:40:41] INFO:    WICAS: 2 个块
[2026-05-23 11:40:41] INFO:    WT: 2 个块
[2026-05-23 11:40:41] INFO: ========================================
[2026-05-23 11:41:38] INFO: 已重置编号状态，可以再次调整参数后重新编号
[2026-05-23 11:41:43] SUCCESS: 选择了 1 种: XA
[2026-05-23 11:41:43] INFO: 类型选择: ['XA']
[2026-05-23 11:41:46] SUCCESS: 编号配置: 前缀=「2CH」 起始=3 补零=3位 容差=50.0
[2026-05-23 11:41:46] INFO: 编号配置: {'prefix': '2CH', 'start_number': 3, 'pad_width': 3, 'y_tolerance': 50.0, 'auto_continue': True}
[2026-05-23 11:41:46] INFO: ========================================
[2026-05-23 11:41:46] INFO: 开始执行编号...
[2026-05-23 11:41:46] INFO: 正在生成编号...
[2026-05-23 11:41:48] INFO:   XA: 12 个块 → 2CH014...
[2026-05-23 11:41:48] INFO: 正在写入 AutoCAD...
[2026-05-23 11:41:50] INFO: ========================================
[2026-05-23 11:41:50] SUCCESS: 🎉 编号完成！共 12 个块
[2026-05-23 11:41:50] INFO: 编号完成: 共12个块, 详情={'XA': 12}
[2026-05-23 11:41:50] INFO:    XA: 12 个块
[2026-05-23 11:41:50] INFO: ========================================
[2026-05-23 11:41:58] INFO: 已重置编号状态，可以再次调整参数后重新编号
[2026-05-23 11:42:09] SUCCESS: 编号配置: 前缀=「2CH」 起始=3 补零=3位 容差=50.0
[2026-05-23 11:42:09] INFO: 编号配置: {'prefix': '2CH', 'start_number': 3, 'pad_width': 3, 'y_tolerance': 50.0, 'auto_continue': False}
[2026-05-23 11:42:09] INFO: ========================================
[2026-05-23 11:42:09] INFO: 开始执行编号...
[2026-05-23 11:42:09] INFO: 正在生成编号...
[2026-05-23 11:42:11] INFO:   XA: 12 个块 → 2CH003...
[2026-05-23 11:42:11] INFO: 正在写入 AutoCAD...
[2026-05-23 11:42:12] INFO: ========================================
[2026-05-23 11:42:12] SUCCESS: 🎉 编号完成！共 12 个块
[2026-05-23 11:42:12] INFO: 编号完成: 共12个块, 详情={'XA': 12}
[2026-05-23 11:42:12] INFO:    XA: 12 个块
[2026-05-23 11:42:12] INFO: ========================================
[2026-05-23 11:42:17] INFO: 已重置编号状态，可以再次调整参数后重新编号
[2026-05-23 11:43:17] SUCCESS: 选择了 1 种: II
[2026-05-23 11:43:17] INFO: 类型选择: ['II']
[2026-05-23 11:43:18] SUCCESS: 编号配置: 前缀=「2CH」 起始=3 补零=3位 容差=50.0
[2026-05-23 11:43:18] INFO: 编号配置: {'prefix': '2CH', 'start_number': 3, 'pad_width': 3, 'y_tolerance': 50.0, 'auto_continue': False}
[2026-05-23 11:43:18] INFO: ========================================
[2026-05-23 11:43:18] INFO: 开始执行编号...
[2026-05-23 11:43:18] INFO: 正在生成编号...
[2026-05-23 11:43:20] INFO:   II: 12 个块 → 2CH003...
[2026-05-23 11:43:20] INFO: 正在写入 AutoCAD...
[2026-05-23 11:43:22] INFO: ========================================
[2026-05-23 11:43:22] SUCCESS: 🎉 编号完成！共 12 个块
[2026-05-23 11:43:22] INFO: 编号完成: 共12个块, 详情={'II': 12}
[2026-05-23 11:43:22] INFO:    II: 12 个块
[2026-05-23 11:43:22] INFO: ========================================
